<?xml version="1.0" encoding="UTF-8"?>
<!-- Generated by org.testng.reporters.JUnitXMLReporter -->
<testsuite ignored="0" hostname="DESKTOP-OMLAF7D" failures="0" tests="12" name="Default test" time="23.195" errors="0" timestamp="2025-01-28T23:37:35 IST">
  <testcase classname="api.testcases.UserTestDD" name="testCreateUser" time="4.411"/>
  <testcase classname="api.testcases.UserTestDD" name="testCreateUser" time="1.362"/>
  <testcase classname="api.testcases.UserTestDD" name="testCreateUser" time="1.306"/>
  <testcase classname="api.testcases.UserTestDD" name="testCreateUser" time="1.33"/>
  <testcase classname="api.testcases.UserTestDD" name="testGetUserData" time="1.372"/>
  <testcase classname="api.testcases.UserTestDD" name="testGetUserData" time="1.348"/>
  <testcase classname="api.testcases.UserTestDD" name="testGetUserData" time="1.4"/>
  <testcase classname="api.testcases.UserTestDD" name="testGetUserData" time="1.333"/>
  <testcase classname="api.testcases.UserTestDD" name="testDeleteUser" time="1.33"/>
  <testcase classname="api.testcases.UserTestDD" name="testDeleteUser" time="1.361"/>
  <testcase classname="api.testcases.UserTestDD" name="testDeleteUser" time="1.291"/>
  <testcase classname="api.testcases.UserTestDD" name="testDeleteUser" time="1.322"/>
</testsuite> <!-- Default test -->
