<?xml version="1.0" encoding="UTF-8"?>
<!-- Generated by org.testng.reporters.JUnitXMLReporter -->
<testsuite ignored="0" hostname="MrBijayKumar" failures="0" tests="4" name="Default test" time="11.804" errors="0" timestamp="2024-10-31T01:49:40 IST">
  <testcase classname="api.testcases.UserTest" name="testCreateUser" time="4.475"/>
  <testcase classname="api.testcases.UserTest" name="testGetUserData" time="1.528"/>
  <testcase classname="api.testcases.UserTest" name="testUpdateUser" time="3.014"/>
  <testcase classname="api.testcases.UserTest" name="testDeleteUser" time="1.484"/>
</testsuite> <!-- Default test -->
