<?xml version="1.0" encoding="UTF-8"?>
<!-- Generated by org.testng.reporters.JUnitXMLReporter -->
<testsuite ignored="0" hostname="DESKTOP-OMLAF7D" failures="0" tests="16" name="Test" time="27.312" errors="0" timestamp="2025-01-30T17:33:11 IST">
  <testcase classname="api.testcases.UserTest" name="testCreateUser" time="3.879"/>
  <testcase classname="api.testcases.UserTest" name="testGetUserData" time="1.194"/>
  <testcase classname="api.testcases.UserTest" name="testUpdateUser" time="2.132"/>
  <testcase classname="api.testcases.UserTest" name="testDeleteUser" time="1.161"/>
  <testcase classname="api.testcases.UserTestDD" name="testCreateUser" time="1.252"/>
  <testcase classname="api.testcases.UserTestDD" name="testCreateUser" time="1.225"/>
  <testcase classname="api.testcases.UserTestDD" name="testCreateUser" time="1.164"/>
  <testcase classname="api.testcases.UserTestDD" name="testCreateUser" time="1.19"/>
  <testcase classname="api.testcases.UserTestDD" name="testGetUserData" time="1.175"/>
  <testcase classname="api.testcases.UserTestDD" name="testGetUserData" time="1.159"/>
  <testcase classname="api.testcases.UserTestDD" name="testGetUserData" time="1.226"/>
  <testcase classname="api.testcases.UserTestDD" name="testGetUserData" time="1.187"/>
  <testcase classname="api.testcases.UserTestDD" name="testDeleteUser" time="1.187"/>
  <testcase classname="api.testcases.UserTestDD" name="testDeleteUser" time="1.198"/>
  <testcase classname="api.testcases.UserTestDD" name="testDeleteUser" time="1.171"/>
  <testcase classname="api.testcases.UserTestDD" name="testDeleteUser" time="1.161"/>
</testsuite> <!-- Test -->
