<?xml version="1.0" encoding="UTF-8"?>
<!-- Generated by org.testng.reporters.JUnitXMLReporter -->
<testsuite ignored="0" hostname="DESKTOP-OMLAF7D" failures="0" tests="16" name="Test" time="34.364" errors="0" timestamp="2025-01-29T00:07:49 IST">
  <testcase classname="api.testcases.UserTest" name="testCreateUser" time="5.852"/>
  <testcase classname="api.testcases.UserTest" name="testGetUserData" time="1.383"/>
  <testcase classname="api.testcases.UserTest" name="testUpdateUser" time="2.731"/>
  <testcase classname="api.testcases.UserTest" name="testDeleteUser" time="1.293"/>
  <testcase classname="api.testcases.UserTestDD" name="testCreateUser" time="1.352"/>
  <testcase classname="api.testcases.UserTestDD" name="testCreateUser" time="1.339"/>
  <testcase classname="api.testcases.UserTestDD" name="testCreateUser" time="1.308"/>
  <testcase classname="api.testcases.UserTestDD" name="testCreateUser" time="1.324"/>
  <testcase classname="api.testcases.UserTestDD" name="testGetUserData" time="1.309"/>
  <testcase classname="api.testcases.UserTestDD" name="testGetUserData" time="1.31"/>
  <testcase classname="api.testcases.UserTestDD" name="testGetUserData" time="1.297"/>
  <testcase classname="api.testcases.UserTestDD" name="testGetUserData" time="1.318"/>
  <testcase classname="api.testcases.UserTestDD" name="testDeleteUser" time="1.35"/>
  <testcase classname="api.testcases.UserTestDD" name="testDeleteUser" time="1.291"/>
  <testcase classname="api.testcases.UserTestDD" name="testDeleteUser" time="1.311"/>
  <testcase classname="api.testcases.UserTestDD" name="testDeleteUser" time="1.281"/>
</testsuite> <!-- Test -->
