<?xml version="1.0" encoding="UTF-8"?>
<!-- Generated by org.testng.reporters.JUnitXMLReporter -->
<testsuite ignored="0" hostname="DESKTOP-OMLAF7D" failures="0" tests="16" name="Test" time="29.361" errors="0" timestamp="2025-01-29T17:35:51 IST">
  <testcase classname="api.testcases.UserTest" name="testCreateUser" time="4.347"/>
  <testcase classname="api.testcases.UserTest" name="testGetUserData" time="1.385"/>
  <testcase classname="api.testcases.UserTest" name="testUpdateUser" time="2.659"/>
  <testcase classname="api.testcases.UserTest" name="testDeleteUser" time="1.358"/>
  <testcase classname="api.testcases.UserTestDD" name="testCreateUser" time="1.391"/>
  <testcase classname="api.testcases.UserTestDD" name="testCreateUser" time="1.342"/>
  <testcase classname="api.testcases.UserTestDD" name="testCreateUser" time="1.251"/>
  <testcase classname="api.testcases.UserTestDD" name="testCreateUser" time="1.293"/>
  <testcase classname="api.testcases.UserTestDD" name="testGetUserData" time="1.283"/>
  <testcase classname="api.testcases.UserTestDD" name="testGetUserData" time="1.31"/>
  <testcase classname="api.testcases.UserTestDD" name="testGetUserData" time="1.297"/>
  <testcase classname="api.testcases.UserTestDD" name="testGetUserData" time="1.323"/>
  <testcase classname="api.testcases.UserTestDD" name="testDeleteUser" time="1.267"/>
  <testcase classname="api.testcases.UserTestDD" name="testDeleteUser" time="1.286"/>
  <testcase classname="api.testcases.UserTestDD" name="testDeleteUser" time="1.274"/>
  <testcase classname="api.testcases.UserTestDD" name="testDeleteUser" time="1.286"/>
</testsuite> <!-- Test -->
