<?xml version="1.0" encoding="UTF-8"?>
<testng-results ignored="0" total="4" passed="4" failed="0" skipped="0">
  <reporter-output>
  </reporter-output>
  <suite started-at="2024-10-31T01:49:28 IST" name="Default suite" finished-at="2024-10-31T01:49:40 IST" duration-ms="11804">
    <groups>
    </groups>
    <test started-at="2024-10-31T01:49:28 IST" name="Default test" finished-at="2024-10-31T01:49:40 IST" duration-ms="11804">
      <class name="api.testcases.UserTest">
        <test-method is-config="true" signature="generateTestData()[pri:0, instance:api.testcases.UserTest@350aac89]" started-at="2024-10-31T01:49:28 IST" name="generateTestData" finished-at="2024-10-31T01:49:29 IST" duration-ms="1203" status="PASS">
          <reporter-output>
          </reporter-output>
        </test-method> <!-- generateTestData -->
        <test-method signature="testCreateUser()[pri:1, instance:api.testcases.UserTest@350aac89]" started-at="2024-10-31T01:49:29 IST" name="testCreateUser" finished-at="2024-10-31T01:49:34 IST" duration-ms="4475" status="PASS">
          <reporter-output>
          </reporter-output>
        </test-method> <!-- testCreateUser -->
        <test-method signature="testGetUserData()[pri:2, instance:api.testcases.UserTest@350aac89]" started-at="2024-10-31T01:49:34 IST" name="testGetUserData" finished-at="2024-10-31T01:49:35 IST" duration-ms="1528" status="PASS">
          <reporter-output>
          </reporter-output>
        </test-method> <!-- testGetUserData -->
        <test-method signature="testUpdateUser()[pri:3, instance:api.testcases.UserTest@350aac89]" started-at="2024-10-31T01:49:35 IST" name="testUpdateUser" finished-at="2024-10-31T01:49:38 IST" duration-ms="3014" status="PASS">
          <reporter-output>
          </reporter-output>
        </test-method> <!-- testUpdateUser -->
        <test-method signature="testDeleteUser()[pri:4, instance:api.testcases.UserTest@350aac89]" started-at="2024-10-31T01:49:38 IST" name="testDeleteUser" finished-at="2024-10-31T01:49:40 IST" duration-ms="1484" status="PASS">
          <reporter-output>
          </reporter-output>
        </test-method> <!-- testDeleteUser -->
      </class> <!-- api.testcases.UserTest -->
    </test> <!-- Default test -->
  </suite> <!-- Default suite -->
</testng-results>
